<?xml version="1.0" encoding="UTF-8"?>
<!-- Generated by org.testng.reporters.JUnitReportReporter -->
<testsuite hostname="DESKTOP-GABGOOH" failures="0" tests="3" name="assignment.Flexipills" time="52.659" errors="0" timestamp="2024-06-04T02:32:58 IST" skipped="0">
  <testcase classname="assignment.Flexipills" name="login" time="21.814"/>
  <system-out/>
  <testcase classname="assignment.Flexipills" name="CreateOrder" time="17.567"/>
  <system-out/>
  <testcase classname="assignment.Flexipills" name="AddToCart" time="13.278"/>
  <system-out/>
</testsuite> <!-- assignment.Flexipills -->
